HomeWork/secondhomework/build/intermediates/manifest_merge_blame_file/debug/manifest-merger-blame-debug-report.txt
1<?xml version="1.0" encoding="utf-8"?>
2<manifest xmlns:android="http://schemas.android.com/apk/res/android"
3    package="com.example.secondhomework"
4    android:versionCode="1"
5    android:versionName="1.0" >
6
7    <uses-sdk
8        android:minSdkVersion="19"
8-->src\main\AndroidManifest.xml
9        android:targetSdkVersion="30" />
9-->src\main\AndroidManifest.xml
10
11    <application
11-->src\main\AndroidManifest.xml:5:5-24:19
12        android:allowBackup="true"
12-->src\main\AndroidManifest.xml:6:9-35
13        android:appComponentFactory="androidx.core.app.CoreComponentFactory"
13-->[androidx.core:core:1.3.1] AndroidManifest.xml:24:18-86
14        android:debuggable="true"
15        android:icon="@mipmap/ic_launcher"
15-->src\main\AndroidManifest.xml:7:9-43
16        android:label="@string/app_name"
16-->src\main\AndroidManifest.xml:8:9-41
17        android:roundIcon="@mipmap/ic_launcher_round"
17-->src\main\AndroidManifest.xml:9:9-54
18        android:supportsRtl="true"
18-->src\main\AndroidManifest.xml:10:9-35
19        android:testOnly="true"
20        android:theme="@style/Theme.HomeWork" >
20-->src\main\AndroidManifest.xml:11:9-46
21        <activity android:name="com.example.secondhomework.MainActivity" >
21-->src\main\AndroidManifest.xml:12:9-17:20
21-->src\main\AndroidManifest.xml:12:19-47
22            <intent-filter>
22-->src\main\AndroidManifest.xml:13:13-16:29
23                <action android:name="android.intent.action.MAIN" />
23-->src\main\AndroidManifest.xml:14:17-69
23-->src\main\AndroidManifest.xml:14:25-66
24
25                <category android:name="android.intent.category.LAUNCHER" />
25-->src\main\AndroidManifest.xml:15:17-77
25-->src\main\AndroidManifest.xml:15:27-74
26            </intent-filter>
27        </activity>
28        <activity android:name="com.example.secondhomework.SecondActivity" >
28-->src\main\AndroidManifest.xml:18:9-23:20
28-->src\main\AndroidManifest.xml:18:19-49
29            <intent-filter>
29-->src\main\AndroidManifest.xml:19:13-22:29
30                <action android:name="com.example.SHOW_SECOND_ACTIVITY" />
30-->src\main\AndroidManifest.xml:20:17-75
30-->src\main\AndroidManifest.xml:20:25-72
31
32                <category android:name="android.intent.category.DEFAULT" />
32-->src\main\AndroidManifest.xml:21:17-76
32-->src\main\AndroidManifest.xml:21:27-73
33            </intent-filter>
34        </activity>
35    </application>
36
37</manifest>